

***********************************************************************
Fatal NI connect error 12500, connecting to:
 (DESCRIPTION=(ADDRESS=(PROTOCOL=TCP)(HOST=192.168.1.2)(PORT=1521))(CONNECT_DATA=(SERVICE_NAME=PISMATEX)(CID=(PROGRAM=D:\APLIKASI_SERVER\GD140612\Aplikasi\Pismatex.exe)(HOST=SERVER-DATA-WH1)(USER=Azmi))))

  VERSION INFORMATION:
	TNS for 32-bit Windows: Version 9.0.1.1.0 - Production
	Windows NT TCP/IP NT Protocol Adapter for 32-bit Windows: Version 9.0.1.1.0 - Production
  Time: 14-JUN-2014 08:17:34
  Tracing not turned on.
  Tns error struct:
    nr err code: 0
    ns main err code: 12564
    TNS-12564: TNS:connection refused
    ns secondary err code: 0
    nt main err code: 0
    nt secondary err code: 0
    nt OS err code: 0


***********************************************************************
Fatal NI connect error 12500, connecting to:
 (DESCRIPTION=(ADDRESS=(PROTOCOL=TCP)(HOST=192.168.1.2)(PORT=1521))(CONNECT_DATA=(SERVICE_NAME=PISMATEX)(CID=(PROGRAM=D:\APLIKASI_SERVER\GD140612\Aplikasi\Pismatex.exe)(HOST=SERVER-DATA-WH1)(USER=Azmi))))

  VERSION INFORMATION:
	TNS for 32-bit Windows: Version 9.0.1.1.0 - Production
	Windows NT TCP/IP NT Protocol Adapter for 32-bit Windows: Version 9.0.1.1.0 - Production
  Time: 14-JUN-2014 08:17:36
  Tracing not turned on.
  Tns error struct:
    nr err code: 0
    ns main err code: 12564
    TNS-12564: TNS:connection refused
    ns secondary err code: 0
    nt main err code: 0
    nt secondary err code: 0
    nt OS err code: 0


***********************************************************************
Fatal NI connect error 12500, connecting to:
 (DESCRIPTION=(ADDRESS=(PROTOCOL=TCP)(HOST=192.168.1.2)(PORT=1521))(CONNECT_DATA=(SERVICE_NAME=PISMATEX)(CID=(PROGRAM=D:\APLIKASI_SERVER\GD140612\Aplikasi\Pismatex.exe)(HOST=SERVER-DATA-WH1)(USER=Azmi))))

  VERSION INFORMATION:
	TNS for 32-bit Windows: Version 9.0.1.1.0 - Production
	Windows NT TCP/IP NT Protocol Adapter for 32-bit Windows: Version 9.0.1.1.0 - Production
  Time: 14-JUN-2014 08:17:36
  Tracing not turned on.
  Tns error struct:
    nr err code: 0
    ns main err code: 12564
    TNS-12564: TNS:connection refused
    ns secondary err code: 0
    nt main err code: 0
    nt secondary err code: 0
    nt OS err code: 0


***********************************************************************
Fatal NI connect error 12500, connecting to:
 (DESCRIPTION=(ADDRESS=(PROTOCOL=TCP)(HOST=192.168.1.2)(PORT=1521))(CONNECT_DATA=(SERVICE_NAME=PISMATEX)(CID=(PROGRAM=D:\APLIKASI_SERVER\GD140612\Aplikasi\Pismatex.exe)(HOST=SERVER-DATA-WH1)(USER=Azmi))))

  VERSION INFORMATION:
	TNS for 32-bit Windows: Version 9.0.1.1.0 - Production
	Windows NT TCP/IP NT Protocol Adapter for 32-bit Windows: Version 9.0.1.1.0 - Production
  Time: 14-JUN-2014 08:19:07
  Tracing not turned on.
  Tns error struct:
    nr err code: 0
    ns main err code: 12564
    TNS-12564: TNS:connection refused
    ns secondary err code: 0
    nt main err code: 0
    nt secondary err code: 0
    nt OS err code: 0


***********************************************************************
Fatal NI connect error 12500, connecting to:
 (DESCRIPTION=(ADDRESS=(PROTOCOL=TCP)(HOST=192.168.1.2)(PORT=1521))(CONNECT_DATA=(SERVICE_NAME=PISMATEX)(CID=(PROGRAM=D:\APLIKASI_SERVER\GD140612\Aplikasi\Pismatex.exe)(HOST=SERVER-DATA-WH1)(USER=Azmi))))

  VERSION INFORMATION:
	TNS for 32-bit Windows: Version 9.0.1.1.0 - Production
	Windows NT TCP/IP NT Protocol Adapter for 32-bit Windows: Version 9.0.1.1.0 - Production
  Time: 14-JUN-2014 08:22:01
  Tracing not turned on.
  Tns error struct:
    nr err code: 0
    ns main err code: 12564
    TNS-12564: TNS:connection refused
    ns secondary err code: 0
    nt main err code: 0
    nt secondary err code: 0
    nt OS err code: 0


***********************************************************************
Fatal NI connect error 12500, connecting to:
 (DESCRIPTION=(ADDRESS=(PROTOCOL=TCP)(HOST=192.168.1.2)(PORT=1521))(CONNECT_DATA=(SERVICE_NAME=PISMATEX)(CID=(PROGRAM=D:\APLIKASI_SERVER\GD140612\Aplikasi\Pismatex.exe)(HOST=SERVER-DATA-WH1)(USER=Azmi))))

  VERSION INFORMATION:
	TNS for 32-bit Windows: Version 9.0.1.1.0 - Production
	Windows NT TCP/IP NT Protocol Adapter for 32-bit Windows: Version 9.0.1.1.0 - Production
  Time: 16-JUN-2014 14:51:01
  Tracing not turned on.
  Tns error struct:
    nr err code: 0
    ns main err code: 12564
    TNS-12564: TNS:connection refused
    ns secondary err code: 0
    nt main err code: 0
    nt secondary err code: 0
    nt OS err code: 0


***********************************************************************
Fatal NI connect error 12500, connecting to:
 (DESCRIPTION=(ADDRESS=(PROTOCOL=TCP)(HOST=192.168.1.2)(PORT=1521))(CONNECT_DATA=(SERVICE_NAME=PISMATEX)(CID=(PROGRAM=D:\APLIKASI_SERVER\GD140612\Aplikasi\Pismatex.exe)(HOST=SERVER-DATA-WH1)(USER=Azmi))))

  VERSION INFORMATION:
	TNS for 32-bit Windows: Version 9.0.1.1.0 - Production
	Windows NT TCP/IP NT Protocol Adapter for 32-bit Windows: Version 9.0.1.1.0 - Production
  Time: 16-JUN-2014 14:51:07
  Tracing not turned on.
  Tns error struct:
    nr err code: 0
    ns main err code: 12564
    TNS-12564: TNS:connection refused
    ns secondary err code: 0
    nt main err code: 0
    nt secondary err code: 0
    nt OS err code: 0


***********************************************************************
Fatal NI connect error 12500, connecting to:
 (DESCRIPTION=(ADDRESS=(PROTOCOL=TCP)(HOST=192.168.1.2)(PORT=1521))(CONNECT_DATA=(SERVICE_NAME=PISMATEX)(CID=(PROGRAM=D:\APLIKASI_SERVER\GD140612\Aplikasi\Pismatex.exe)(HOST=SERVER-DATA-WH1)(USER=Azmi))))

  VERSION INFORMATION:
	TNS for 32-bit Windows: Version 9.0.1.1.0 - Production
	Windows NT TCP/IP NT Protocol Adapter for 32-bit Windows: Version 9.0.1.1.0 - Production
  Time: 16-JUN-2014 14:51:08
  Tracing not turned on.
  Tns error struct:
    nr err code: 0
    ns main err code: 12564
    TNS-12564: TNS:connection refused
    ns secondary err code: 0
    nt main err code: 0
    nt secondary err code: 0
    nt OS err code: 0


***********************************************************************
Fatal NI connect error 12500, connecting to:
 (DESCRIPTION=(ADDRESS=(PROTOCOL=TCP)(HOST=192.168.1.2)(PORT=1521))(CONNECT_DATA=(SERVICE_NAME=PISMATEX)(CID=(PROGRAM=D:\APLIKASI_SERVER\GD140612\Aplikasi\Pismatex.exe)(HOST=SERVER-DATA-WH1)(USER=Azmi))))

  VERSION INFORMATION:
	TNS for 32-bit Windows: Version 9.0.1.1.0 - Production
	Windows NT TCP/IP NT Protocol Adapter for 32-bit Windows: Version 9.0.1.1.0 - Production
  Time: 16-JUN-2014 14:51:09
  Tracing not turned on.
  Tns error struct:
    nr err code: 0
    ns main err code: 12564
    TNS-12564: TNS:connection refused
    ns secondary err code: 0
    nt main err code: 0
    nt secondary err code: 0
    nt OS err code: 0


***********************************************************************
Fatal NI connect error 12547, connecting to:
 (DESCRIPTION=(ADDRESS=(PROTOCOL=TCP)(HOST=192.168.1.2)(PORT=1521))(CONNECT_DATA=(SERVICE_NAME=PISMATEX)(CID=(PROGRAM=D:\APLIKASI_SERVER\GD140620\Aplikasi\iHRD.exe)(HOST=SERVER-DATA-WH1)(USER=Azmi))))

  VERSION INFORMATION:
	TNS for 32-bit Windows: Version 9.0.1.1.0 - Production
	Windows NT TCP/IP NT Protocol Adapter for 32-bit Windows: Version 9.0.1.1.0 - Production
  Time: 24-JUN-2014 07:48:31
  Tracing not turned on.
  Tns error struct:
    nr err code: 0
    ns main err code: 12547
    TNS-12547: TNS:lost contact
    ns secondary err code: 12560
    nt main err code: 517
    TNS-00517: Lost contact
    nt secondary err code: 54
    nt OS err code: 0


***********************************************************************
Fatal NI connect error 12535, connecting to:
 (DESCRIPTION=(ADDRESS=(PROTOCOL=TCP)(HOST=192.168.1.2)(PORT=1521))(CONNECT_DATA=(SERVICE_NAME=PISMATEX)(CID=(PROGRAM=D:\APLIKASI_SERVER\GD140705\Aplikasi\GL.exe)(HOST=SERVER-DATA-WH1)(USER=Azmi))))

  VERSION INFORMATION:
	TNS for 32-bit Windows: Version 9.0.1.1.0 - Production
	Windows NT TCP/IP NT Protocol Adapter for 32-bit Windows: Version 9.0.1.1.0 - Production
  Time: 05-JUL-2014 08:33:59
  Tracing not turned on.
  Tns error struct:
    nr err code: 0
    ns main err code: 12535
    TNS-12535: TNS:operation timed out
    ns secondary err code: 12560
    nt main err code: 505
    TNS-00505: Operation timed out
    nt secondary err code: 60
    nt OS err code: 0


***********************************************************************
Fatal NI connect error 12500, connecting to:
 (DESCRIPTION=(ADDRESS=(PROTOCOL=TCP)(HOST=192.168.1.129)(PORT=1521))(CONNECT_DATA=(SERVICE_NAME=KLEGO)(CID=(PROGRAM=D:\APLIKASI_SERVER\GD140822\Aplikasi\Marketing.exe)(HOST=SERVER-DATA-WH1)(USER=Azmi))))

  VERSION INFORMATION:
	TNS for 32-bit Windows: Version 9.0.1.1.0 - Production
	Windows NT TCP/IP NT Protocol Adapter for 32-bit Windows: Version 9.0.1.1.0 - Production
  Time: 04-SEP-2014 14:00:26
  Tracing not turned on.
  Tns error struct:
    nr err code: 0
    ns main err code: 12564
    TNS-12564: TNS:connection refused
    ns secondary err code: 0
    nt main err code: 0
    nt secondary err code: 0
    nt OS err code: 0


***********************************************************************
Fatal NI connect error 12500, connecting to:
 (DESCRIPTION=(ADDRESS=(PROTOCOL=TCP)(HOST=192.168.1.2)(PORT=1521))(CONNECT_DATA=(SERVICE_NAME=PISMATEX)(CID=(PROGRAM=Z:\APLIKASI_SERVER\GD140915\Aplikasi\Pismatex.exe)(HOST=ALDO)(USER=Administrator))))

  VERSION INFORMATION:
	TNS for 32-bit Windows: Version 9.0.1.1.0 - Production
	Windows NT TCP/IP NT Protocol Adapter for 32-bit Windows: Version 9.0.1.1.0 - Production
  Time: 24-SEP-2014 09:22:13
  Tracing not turned on.
  Tns error struct:
    nr err code: 0
    ns main err code: 12564
    TNS-12564: TNS:connection refused
    ns secondary err code: 0
    nt main err code: 0
    nt secondary err code: 0
    nt OS err code: 0


***********************************************************************
Fatal NI connect error 12541, connecting to:
 (DESCRIPTION=(ADDRESS=(PROTOCOL=TCP)(HOST=192.168.1.22)(PORT=1521))(CONNECT_DATA=(SERVICE_NAME=PISMATEX)(CID=(PROGRAM=D:\APLIKASI_SERVER\GD141023\Aplikasi\Pismatex.exe)(HOST=SERVER-DATA-WH1)(USER=Azmi))))

  VERSION INFORMATION:
	TNS for 32-bit Windows: Version 9.0.1.1.0 - Production
	Windows NT TCP/IP NT Protocol Adapter for 32-bit Windows: Version 9.0.1.1.0 - Production
  Time: 31-OCT-2014 10:25:38
  Tracing not turned on.
  Tns error struct:
    nr err code: 0
    ns main err code: 12541
    TNS-12541: TNS:no listener
    ns secondary err code: 12560
    nt main err code: 511
    TNS-00511: No listener
    nt secondary err code: 61
    nt OS err code: 0


***********************************************************************
Fatal NI connect error 12535, connecting to:
 (DESCRIPTION=(ADDRESS=(PROTOCOL=TCP)(HOST=192.168.1.22)(PORT=1521))(CONNECT_DATA=(SERVICE_NAME=PISMATEX)(CID=(PROGRAM=D:\APLIKASI_SERVER\GD141101\Aplikasi\Pismatex.exe)(HOST=SERVER-DATA-WH1)(USER=Arif))))

  VERSION INFORMATION:
	TNS for 32-bit Windows: Version 9.0.1.1.0 - Production
	Windows NT TCP/IP NT Protocol Adapter for 32-bit Windows: Version 9.0.1.1.0 - Production
  Time: 04-NOV-2014 09:53:07
  Tracing not turned on.
  Tns error struct:
    nr err code: 0
    ns main err code: 12535
    TNS-12535: TNS:operation timed out
    ns secondary err code: 12560
    nt main err code: 505
    TNS-00505: Operation timed out
    nt secondary err code: 60
    nt OS err code: 0


***********************************************************************
Fatal NI connect error 12535, connecting to:
 (DESCRIPTION=(ADDRESS=(PROTOCOL=TCP)(HOST=192.168.1.22)(PORT=1521))(CONNECT_DATA=(SERVICE_NAME=PISMATEX)(CID=(PROGRAM=D:\APLIKASI_SERVER\GD141101\Aplikasi\Pismatex.exe)(HOST=SERVER-DATA-WH1)(USER=Arif))))

  VERSION INFORMATION:
	TNS for 32-bit Windows: Version 9.0.1.1.0 - Production
	Windows NT TCP/IP NT Protocol Adapter for 32-bit Windows: Version 9.0.1.1.0 - Production
  Time: 04-NOV-2014 09:53:32
  Tracing not turned on.
  Tns error struct:
    nr err code: 0
    ns main err code: 12535
    TNS-12535: TNS:operation timed out
    ns secondary err code: 12560
    nt main err code: 505
    TNS-00505: Operation timed out
    nt secondary err code: 60
    nt OS err code: 0


***********************************************************************
Fatal NI connect error 12541, connecting to:
 (DESCRIPTION=(ADDRESS=(PROTOCOL=TCP)(HOST=192.168.1.22)(PORT=1521))(CONNECT_DATA=(SERVICE_NAME=PISMATEX)(CID=(PROGRAM=D:\APLIKASI_SERVER\GD141119\Aplikasi\Pismatex.exe)(HOST=SERVER-DATA-WH1)(USER=Azmi))))

  VERSION INFORMATION:
	TNS for 32-bit Windows: Version 9.0.1.1.0 - Production
	Windows NT TCP/IP NT Protocol Adapter for 32-bit Windows: Version 9.0.1.1.0 - Production
  Time: 19-NOV-2014 13:45:22
  Tracing not turned on.
  Tns error struct:
    nr err code: 0
    ns main err code: 12541
    TNS-12541: TNS:no listener
    ns secondary err code: 12560
    nt main err code: 511
    TNS-00511: No listener
    nt secondary err code: 61
    nt OS err code: 0


***********************************************************************
Fatal NI connect error 12541, connecting to:
 (DESCRIPTION=(ADDRESS=(PROTOCOL=TCP)(HOST=192.168.1.22)(PORT=1521))(CONNECT_DATA=(SERVICE_NAME=PISMATEX)(CID=(PROGRAM=D:\APLIKASI_SERVER\GD141215\Aplikasi\Pismatex.exe)(HOST=SERVER-DATA-WH1)(USER=Azmi))))

  VERSION INFORMATION:
	TNS for 32-bit Windows: Version 9.0.1.1.0 - Production
	Windows NT TCP/IP NT Protocol Adapter for 32-bit Windows: Version 9.0.1.1.0 - Production
  Time: 15-DEC-2014 10:53:11
  Tracing not turned on.
  Tns error struct:
    nr err code: 0
    ns main err code: 12541
    TNS-12541: TNS:no listener
    ns secondary err code: 12560
    nt main err code: 511
    TNS-00511: No listener
    nt secondary err code: 61
    nt OS err code: 0


***********************************************************************
Fatal NI connect error 12500, connecting to:
 (DESCRIPTION=(ADDRESS=(PROTOCOL=TCP)(HOST=192.168.1.2)(PORT=1521))(CONNECT_DATA=(SERVICE_NAME=PISMATEX)(CID=(PROGRAM=D:\APLIKASI_SERVER\GD141215\Aplikasi\Pismatex.exe)(HOST=SERVER-DATA-WH1)(USER=Azmi))))

  VERSION INFORMATION:
	TNS for 32-bit Windows: Version 9.0.1.1.0 - Production
	Windows NT TCP/IP NT Protocol Adapter for 32-bit Windows: Version 9.0.1.1.0 - Production
  Time: 15-DEC-2014 14:44:26
  Tracing not turned on.
  Tns error struct:
    nr err code: 0
    ns main err code: 12564
    TNS-12564: TNS:connection refused
    ns secondary err code: 0
    nt main err code: 0
    nt secondary err code: 0
    nt OS err code: 0


***********************************************************************
Fatal NI connect error 12500, connecting to:
 (DESCRIPTION=(ADDRESS=(PROTOCOL=TCP)(HOST=192.168.1.2)(PORT=1521))(CONNECT_DATA=(SERVICE_NAME=PISMATEX)(CID=(PROGRAM=D:\APLIKASI_SERVER\GD141215\Aplikasi\Pismatex.exe)(HOST=SERVER-DATA-WH1)(USER=Azmi))))

  VERSION INFORMATION:
	TNS for 32-bit Windows: Version 9.0.1.1.0 - Production
	Windows NT TCP/IP NT Protocol Adapter for 32-bit Windows: Version 9.0.1.1.0 - Production
  Time: 15-DEC-2014 14:44:32
  Tracing not turned on.
  Tns error struct:
    nr err code: 0
    ns main err code: 12564
    TNS-12564: TNS:connection refused
    ns secondary err code: 0
    nt main err code: 0
    nt secondary err code: 0
    nt OS err code: 0


***********************************************************************
Fatal NI connect error 12541, connecting to:
 (DESCRIPTION=(ADDRESS=(PROTOCOL=TCP)(HOST=192.168.1.22)(PORT=1521))(CONNECT_DATA=(SERVICE_NAME=PISMATEX)(CID=(PROGRAM=D:\APLIKASI_SERVER\GD141215\Aplikasi\GL.exe)(HOST=SERVER-DATA-WH1)(USER=Azmi))))

  VERSION INFORMATION:
	TNS for 32-bit Windows: Version 9.0.1.1.0 - Production
	Windows NT TCP/IP NT Protocol Adapter for 32-bit Windows: Version 9.0.1.1.0 - Production
  Time: 25-DEC-2014 08:58:18
  Tracing not turned on.
  Tns error struct:
    nr err code: 0
    ns main err code: 12541
    TNS-12541: TNS:no listener
    ns secondary err code: 12560
    nt main err code: 511
    TNS-00511: No listener
    nt secondary err code: 61
    nt OS err code: 0


***********************************************************************
Fatal NI connect error 12535, connecting to:
 (DESCRIPTION=(ADDRESS=(PROTOCOL=TCP)(HOST=192.168.1.22)(PORT=1521))(CONNECT_DATA=(SERVICE_NAME=KLEGO)(CID=(PROGRAM=D:\APLIKASI_SERVER\GD141215\Aplikasi\Marketing.exe)(HOST=SERVER-DATA-WH1)(USER=Azmi))))

  VERSION INFORMATION:
	TNS for 32-bit Windows: Version 9.0.1.1.0 - Production
	Windows NT TCP/IP NT Protocol Adapter for 32-bit Windows: Version 9.0.1.1.0 - Production
  Time: 30-DEC-2014 16:24:03
  Tracing not turned on.
  Tns error struct:
    nr err code: 0
    ns main err code: 12535
    TNS-12535: TNS:operation timed out
    ns secondary err code: 12560
    nt main err code: 505
    TNS-00505: Operation timed out
    nt secondary err code: 60
    nt OS err code: 0


***********************************************************************
Fatal NI connect error 12535, connecting to:
 (DESCRIPTION=(ADDRESS=(PROTOCOL=TCP)(HOST=192.168.1.2)(PORT=1521))(CONNECT_DATA=(SERVICE_NAME=PISMATEX)(CID=(PROGRAM=D:\APLIKASI_SERVER\GD150101\Aplikasi\Pismatex.exe)(HOST=SERVER-DATA-WH1)(USER=Azmi))))

  VERSION INFORMATION:
	TNS for 32-bit Windows: Version 9.0.1.1.0 - Production
	Windows NT TCP/IP NT Protocol Adapter for 32-bit Windows: Version 9.0.1.1.0 - Production
  Time: 07-JAN-2015 08:05:28
  Tracing not turned on.
  Tns error struct:
    nr err code: 0
    ns main err code: 12535
    TNS-12535: TNS:operation timed out
    ns secondary err code: 12560
    nt main err code: 505
    TNS-00505: Operation timed out
    nt secondary err code: 60
    nt OS err code: 0


***********************************************************************
Fatal NI connect error 12541, connecting to:
 (DESCRIPTION=(ADDRESS=(PROTOCOL=TCP)(HOST=192.168.1.22)(PORT=1521))(CONNECT_DATA=(SERVICE_NAME=PISMATEX)(CID=(PROGRAM=D:\APLIKASI_SERVER\GD150101\Aplikasi\Pismatex.exe)(HOST=SERVER-DATA-WH1)(USER=Azmi))))

  VERSION INFORMATION:
	TNS for 32-bit Windows: Version 9.0.1.1.0 - Production
	Windows NT TCP/IP NT Protocol Adapter for 32-bit Windows: Version 9.0.1.1.0 - Production
  Time: 08-JAN-2015 13:48:13
  Tracing not turned on.
  Tns error struct:
    nr err code: 0
    ns main err code: 12541
    TNS-12541: TNS:no listener
    ns secondary err code: 12560
    nt main err code: 511
    TNS-00511: No listener
    nt secondary err code: 61
    nt OS err code: 0


***********************************************************************
Fatal NI connect error 12541, connecting to:
 (DESCRIPTION=(ADDRESS=(PROTOCOL=TCP)(HOST=192.168.1.22)(PORT=1521))(CONNECT_DATA=(SERVICE_NAME=PISMATEX)(CID=(PROGRAM=D:\APLIKASI_SERVER\GD150101\Aplikasi\GL.exe)(HOST=SERVER-DATA-WH1)(USER=Administrator))))

  VERSION INFORMATION:
	TNS for 32-bit Windows: Version 9.0.1.1.0 - Production
	Windows NT TCP/IP NT Protocol Adapter for 32-bit Windows: Version 9.0.1.1.0 - Production
  Time: 08-JAN-2015 15:38:21
  Tracing not turned on.
  Tns error struct:
    nr err code: 0
    ns main err code: 12541
    TNS-12541: TNS:no listener
    ns secondary err code: 12560
    nt main err code: 511
    TNS-00511: No listener
    nt secondary err code: 61
    nt OS err code: 0


***********************************************************************
Fatal NI connect error 12541, connecting to:
 (DESCRIPTION=(ADDRESS=(PROTOCOL=TCP)(HOST=192.168.1.22)(PORT=1521))(CONNECT_DATA=(SERVICE_NAME=PISMATEX)(CID=(PROGRAM=D:\APLIKASI_SERVER\GD150101\Aplikasi\iHRD.exe)(HOST=SERVER-DATA-WH1)(USER=Azmi))))

  VERSION INFORMATION:
	TNS for 32-bit Windows: Version 9.0.1.1.0 - Production
	Windows NT TCP/IP NT Protocol Adapter for 32-bit Windows: Version 9.0.1.1.0 - Production
  Time: 09-JAN-2015 13:29:03
  Tracing not turned on.
  Tns error struct:
    nr err code: 0
    ns main err code: 12541
    TNS-12541: TNS:no listener
    ns secondary err code: 12560
    nt main err code: 511
    TNS-00511: No listener
    nt secondary err code: 61
    nt OS err code: 0


***********************************************************************
Fatal NI connect error 12541, connecting to:
 (DESCRIPTION=(ADDRESS=(PROTOCOL=TCP)(HOST=192.168.1.22)(PORT=1521))(CONNECT_DATA=(SERVICE_NAME=PISMATEX)(CID=(PROGRAM=D:\APLIKASI_SERVER\GD150101\Aplikasi\iHRD.exe)(HOST=SERVER-DATA-WH1)(USER=Azmi))))

  VERSION INFORMATION:
	TNS for 32-bit Windows: Version 9.0.1.1.0 - Production
	Windows NT TCP/IP NT Protocol Adapter for 32-bit Windows: Version 9.0.1.1.0 - Production
  Time: 09-JAN-2015 13:29:07
  Tracing not turned on.
  Tns error struct:
    nr err code: 0
    ns main err code: 12541
    TNS-12541: TNS:no listener
    ns secondary err code: 12560
    nt main err code: 511
    TNS-00511: No listener
    nt secondary err code: 61
    nt OS err code: 0


***********************************************************************
Fatal NI connect error 12541, connecting to:
 (DESCRIPTION=(ADDRESS=(PROTOCOL=TCP)(HOST=192.168.1.22)(PORT=1521))(CONNECT_DATA=(SERVICE_NAME=KLEGO)(CID=(PROGRAM=D:\APLIKASI_SERVER\GD150101\Aplikasi\Marketing.exe)(HOST=SERVER-DATA-WH1)(USER=Azmi))))

  VERSION INFORMATION:
	TNS for 32-bit Windows: Version 9.0.1.1.0 - Production
	Windows NT TCP/IP NT Protocol Adapter for 32-bit Windows: Version 9.0.1.1.0 - Production
  Time: 10-JAN-2015 08:26:35
  Tracing not turned on.
  Tns error struct:
    nr err code: 0
    ns main err code: 12541
    TNS-12541: TNS:no listener
    ns secondary err code: 12560
    nt main err code: 511
    TNS-00511: No listener
    nt secondary err code: 61
    nt OS err code: 0


***********************************************************************
Fatal NI connect error 12545, connecting to:
 (DESCRIPTION=(ADDRESS=(PROTOCOL=TCP)(HOST=192.168.1.291)(PORT=1521))(CONNECT_DATA=(SERVICE_NAME=PRODUKSI)(CID=(PROGRAM=D:\APLIKASI_SERVER\GD150101\Aplikasi\Produksi2.exe)(HOST=SERVER-DATA-WH1)(USER=Azmi))))

  VERSION INFORMATION:
	TNS for 32-bit Windows: Version 9.0.1.1.0 - Production
	Windows NT TCP/IP NT Protocol Adapter for 32-bit Windows: Version 9.0.1.1.0 - Production
  Time: 10-JAN-2015 12:03:28
  Tracing not turned on.
  Tns error struct:
    nr err code: 0
    ns main err code: 12545
    TNS-12545: Connect failed because target host or object does not exist
    ns secondary err code: 12560
    nt main err code: 515
    TNS-00515: Connect failed because target host or object does not exist
    nt secondary err code: 1004
    nt OS err code: 0


***********************************************************************
Fatal NI connect error 12545, connecting to:
 (DESCRIPTION=(ADDRESS=(PROTOCOL=TCP)(HOST=192.168.1.291)(PORT=1521))(CONNECT_DATA=(SERVICE_NAME=KLEGO)(CID=(PROGRAM=D:\APLIKASI_SERVER\GD150101\Aplikasi\Marketing.exe)(HOST=SERVER-DATA-WH1)(USER=Azmi))))

  VERSION INFORMATION:
	TNS for 32-bit Windows: Version 9.0.1.1.0 - Production
	Windows NT TCP/IP NT Protocol Adapter for 32-bit Windows: Version 9.0.1.1.0 - Production
  Time: 15-JAN-2015 10:27:27
  Tracing not turned on.
  Tns error struct:
    nr err code: 0
    ns main err code: 12545
    TNS-12545: Connect failed because target host or object does not exist
    ns secondary err code: 12560
    nt main err code: 515
    TNS-00515: Connect failed because target host or object does not exist
    nt secondary err code: 1004
    nt OS err code: 0


***********************************************************************
Fatal NI connect error 12545, connecting to:
 (DESCRIPTION=(ADDRESS=(PROTOCOL=TCP)(HOST=192.168.1.291)(PORT=1521))(CONNECT_DATA=(SERVICE_NAME=KLEGO)(CID=(PROGRAM=D:\APLIKASI_SERVER\GD150101\Aplikasi\Marketing.exe)(HOST=SERVER-DATA-WH1)(USER=Azmi))))

  VERSION INFORMATION:
	TNS for 32-bit Windows: Version 9.0.1.1.0 - Production
	Windows NT TCP/IP NT Protocol Adapter for 32-bit Windows: Version 9.0.1.1.0 - Production
  Time: 15-JAN-2015 10:27:33
  Tracing not turned on.
  Tns error struct:
    nr err code: 0
    ns main err code: 12545
    TNS-12545: Connect failed because target host or object does not exist
    ns secondary err code: 12560
    nt main err code: 515
    TNS-00515: Connect failed because target host or object does not exist
    nt secondary err code: 1004
    nt OS err code: 0


***********************************************************************
Fatal NI connect error 12545, connecting to:
 (DESCRIPTION=(ADDRESS=(PROTOCOL=TCP)(HOST=192.168.1.291)(PORT=1521))(CONNECT_DATA=(SERVICE_NAME=PRODUKSI)(CID=(PROGRAM=D:\APLIKASI_SERVER\GD150115\Aplikasi\Produksi2.exe)(HOST=SERVER-DATA-WH1)(USER=Azmi))))

  VERSION INFORMATION:
	TNS for 32-bit Windows: Version 9.0.1.1.0 - Production
	Windows NT TCP/IP NT Protocol Adapter for 32-bit Windows: Version 9.0.1.1.0 - Production
  Time: 22-JAN-2015 11:12:36
  Tracing not turned on.
  Tns error struct:
    nr err code: 0
    ns main err code: 12545
    TNS-12545: Connect failed because target host or object does not exist
    ns secondary err code: 12560
    nt main err code: 515
    TNS-00515: Connect failed because target host or object does not exist
    nt secondary err code: 1004
    nt OS err code: 0


***********************************************************************
Fatal NI connect error 12541, connecting to:
 (DESCRIPTION=(ADDRESS=(PROTOCOL=TCP)(HOST=192.168.1.22)(PORT=1521))(CONNECT_DATA=(SERVICE_NAME=PISMATEX)(CID=(PROGRAM=D:\APLIKASI_SERVER\GD150115\Aplikasi\Pismatex.exe)(HOST=SERVER-DATA-WH1)(USER=Arif))))

  VERSION INFORMATION:
	TNS for 32-bit Windows: Version 9.0.1.1.0 - Production
	Windows NT TCP/IP NT Protocol Adapter for 32-bit Windows: Version 9.0.1.1.0 - Production
  Time: 23-JAN-2015 10:42:48
  Tracing not turned on.
  Tns error struct:
    nr err code: 0
    ns main err code: 12541
    TNS-12541: TNS:no listener
    ns secondary err code: 12560
    nt main err code: 511
    TNS-00511: No listener
    nt secondary err code: 61
    nt OS err code: 0


***********************************************************************
Fatal NI connect error 12541, connecting to:
 (DESCRIPTION=(ADDRESS=(PROTOCOL=TCP)(HOST=192.168.1.22)(PORT=1521))(CONNECT_DATA=(SERVICE_NAME=PISMATEX)(CID=(PROGRAM=D:\APLIKASI_SERVER\GD150115\Aplikasi\Pismatex.exe)(HOST=SERVER-DATA-WH1)(USER=Azmi))))

  VERSION INFORMATION:
	TNS for 32-bit Windows: Version 9.0.1.1.0 - Production
	Windows NT TCP/IP NT Protocol Adapter for 32-bit Windows: Version 9.0.1.1.0 - Production
  Time: 26-JAN-2015 10:18:53
  Tracing not turned on.
  Tns error struct:
    nr err code: 0
    ns main err code: 12541
    TNS-12541: TNS:no listener
    ns secondary err code: 12560
    nt main err code: 511
    TNS-00511: No listener
    nt secondary err code: 61
    nt OS err code: 0


***********************************************************************
Fatal NI connect error 12500, connecting to:
 (DESCRIPTION=(ADDRESS=(PROTOCOL=TCP)(HOST=192.168.1.2)(PORT=1521))(CONNECT_DATA=(SERVICE_NAME=PISMATEX)(CID=(PROGRAM=D:\APLIKASI_SERVER\GD150126\Aplikasi\Pismatex.exe)(HOST=SERVER-DATA-WH1)(USER=Azmi))))

  VERSION INFORMATION:
	TNS for 32-bit Windows: Version 9.0.1.1.0 - Production
	Windows NT TCP/IP NT Protocol Adapter for 32-bit Windows: Version 9.0.1.1.0 - Production
  Time: 29-JAN-2015 10:59:56
  Tracing not turned on.
  Tns error struct:
    nr err code: 0
    ns main err code: 12564
    TNS-12564: TNS:connection refused
    ns secondary err code: 0
    nt main err code: 0
    nt secondary err code: 0
    nt OS err code: 0


***********************************************************************
Fatal NI connect error 12500, connecting to:
 (DESCRIPTION=(ADDRESS=(PROTOCOL=TCP)(HOST=192.168.1.2)(PORT=1521))(CONNECT_DATA=(SERVICE_NAME=PISMATEX)(CID=(PROGRAM=D:\APLIKASI_SERVER\GD150126\Aplikasi\Pismatex.exe)(HOST=SERVER-DATA-WH1)(USER=Azmi))))

  VERSION INFORMATION:
	TNS for 32-bit Windows: Version 9.0.1.1.0 - Production
	Windows NT TCP/IP NT Protocol Adapter for 32-bit Windows: Version 9.0.1.1.0 - Production
  Time: 29-JAN-2015 10:59:59
  Tracing not turned on.
  Tns error struct:
    nr err code: 0
    ns main err code: 12564
    TNS-12564: TNS:connection refused
    ns secondary err code: 0
    nt main err code: 0
    nt secondary err code: 0
    nt OS err code: 0


***********************************************************************
Fatal NI connect error 12500, connecting to:
 (DESCRIPTION=(ADDRESS=(PROTOCOL=TCP)(HOST=192.168.1.2)(PORT=1521))(CONNECT_DATA=(SERVICE_NAME=PISMATEX)(CID=(PROGRAM=D:\APLIKASI_SERVER\GD150126\Aplikasi\Pismatex.exe)(HOST=SERVER-DATA-WH1)(USER=Azmi))))

  VERSION INFORMATION:
	TNS for 32-bit Windows: Version 9.0.1.1.0 - Production
	Windows NT TCP/IP NT Protocol Adapter for 32-bit Windows: Version 9.0.1.1.0 - Production
  Time: 29-JAN-2015 11:00:02
  Tracing not turned on.
  Tns error struct:
    nr err code: 0
    ns main err code: 12564
    TNS-12564: TNS:connection refused
    ns secondary err code: 0
    nt main err code: 0
    nt secondary err code: 0
    nt OS err code: 0


***********************************************************************
Fatal NI connect error 12500, connecting to:
 (DESCRIPTION=(ADDRESS=(PROTOCOL=TCP)(HOST=192.168.1.2)(PORT=1521))(CONNECT_DATA=(SERVICE_NAME=PISMATEX)(CID=(PROGRAM=D:\APLIKASI_SERVER\GD150126\Aplikasi\Pismatex.exe)(HOST=SERVER-DATA-WH1)(USER=Azmi))))

  VERSION INFORMATION:
	TNS for 32-bit Windows: Version 9.0.1.1.0 - Production
	Windows NT TCP/IP NT Protocol Adapter for 32-bit Windows: Version 9.0.1.1.0 - Production
  Time: 02-FEB-2015 15:13:35
  Tracing not turned on.
  Tns error struct:
    nr err code: 0
    ns main err code: 12564
    TNS-12564: TNS:connection refused
    ns secondary err code: 0
    nt main err code: 0
    nt secondary err code: 0
    nt OS err code: 0


***********************************************************************
Fatal NI connect error 12500, connecting to:
 (DESCRIPTION=(ADDRESS=(PROTOCOL=TCP)(HOST=192.168.1.2)(PORT=1521))(CONNECT_DATA=(SERVICE_NAME=PISMATEX)(CID=(PROGRAM=D:\APLIKASI_SERVER\GD150126\Aplikasi\Pismatex.exe)(HOST=SERVER-DATA-WH1)(USER=Azmi))))

  VERSION INFORMATION:
	TNS for 32-bit Windows: Version 9.0.1.1.0 - Production
	Windows NT TCP/IP NT Protocol Adapter for 32-bit Windows: Version 9.0.1.1.0 - Production
  Time: 02-FEB-2015 15:13:40
  Tracing not turned on.
  Tns error struct:
    nr err code: 0
    ns main err code: 12564
    TNS-12564: TNS:connection refused
    ns secondary err code: 0
    nt main err code: 0
    nt secondary err code: 0
    nt OS err code: 0


***********************************************************************
Fatal NI connect error 12500, connecting to:
 (DESCRIPTION=(ADDRESS=(PROTOCOL=TCP)(HOST=192.168.1.2)(PORT=1521))(CONNECT_DATA=(SERVICE_NAME=PISMATEX)(CID=(PROGRAM=D:\APLIKASI_SERVER\GD150126\Aplikasi\Pismatex.exe)(HOST=SERVER-DATA-WH1)(USER=Azmi))))

  VERSION INFORMATION:
	TNS for 32-bit Windows: Version 9.0.1.1.0 - Production
	Windows NT TCP/IP NT Protocol Adapter for 32-bit Windows: Version 9.0.1.1.0 - Production
  Time: 02-FEB-2015 15:13:48
  Tracing not turned on.
  Tns error struct:
    nr err code: 0
    ns main err code: 12564
    TNS-12564: TNS:connection refused
    ns secondary err code: 0
    nt main err code: 0
    nt secondary err code: 0
    nt OS err code: 0


***********************************************************************
Fatal NI connect error 12500, connecting to:
 (DESCRIPTION=(ADDRESS=(PROTOCOL=TCP)(HOST=192.168.1.2)(PORT=1521))(CONNECT_DATA=(SERVICE_NAME=PISMATEX)(CID=(PROGRAM=D:\APLIKASI_SERVER\GD150126\Aplikasi\Pismatex.exe)(HOST=SERVER-DATA-WH1)(USER=Azmi))))

  VERSION INFORMATION:
	TNS for 32-bit Windows: Version 9.0.1.1.0 - Production
	Windows NT TCP/IP NT Protocol Adapter for 32-bit Windows: Version 9.0.1.1.0 - Production
  Time: 02-FEB-2015 15:15:12
  Tracing not turned on.
  Tns error struct:
    nr err code: 0
    ns main err code: 12564
    TNS-12564: TNS:connection refused
    ns secondary err code: 0
    nt main err code: 0
    nt secondary err code: 0
    nt OS err code: 0


***********************************************************************
Fatal NI connect error 12500, connecting to:
 (DESCRIPTION=(ADDRESS=(PROTOCOL=TCP)(HOST=192.168.1.2)(PORT=1521))(CONNECT_DATA=(SERVICE_NAME=PISMATEX)(CID=(PROGRAM=D:\APLIKASI_SERVER\GD150126\Aplikasi\Pismatex.exe)(HOST=SERVER-DATA-WH1)(USER=Azmi))))

  VERSION INFORMATION:
	TNS for 32-bit Windows: Version 9.0.1.1.0 - Production
	Windows NT TCP/IP NT Protocol Adapter for 32-bit Windows: Version 9.0.1.1.0 - Production
  Time: 02-FEB-2015 15:15:38
  Tracing not turned on.
  Tns error struct:
    nr err code: 0
    ns main err code: 12564
    TNS-12564: TNS:connection refused
    ns secondary err code: 0
    nt main err code: 0
    nt secondary err code: 0
    nt OS err code: 0


***********************************************************************
Fatal NI connect error 12500, connecting to:
 (DESCRIPTION=(ADDRESS=(PROTOCOL=TCP)(HOST=192.168.1.2)(PORT=1521))(CONNECT_DATA=(SERVICE_NAME=PISMATEX)(CID=(PROGRAM=D:\APLIKASI_SERVER\GD150209\Aplikasi\GL.exe)(HOST=SERVER-DATA-WH1)(USER=Azmi))))

  VERSION INFORMATION:
	TNS for 32-bit Windows: Version 9.0.1.1.0 - Production
	Windows NT TCP/IP NT Protocol Adapter for 32-bit Windows: Version 9.0.1.1.0 - Production
  Time: 10-FEB-2015 14:52:55
  Tracing not turned on.
  Tns error struct:
    nr err code: 0
    ns main err code: 12564
    TNS-12564: TNS:connection refused
    ns secondary err code: 0
    nt main err code: 0
    nt secondary err code: 0
    nt OS err code: 0


***********************************************************************
Fatal NI connect error 12500, connecting to:
 (DESCRIPTION=(ADDRESS=(PROTOCOL=TCP)(HOST=192.168.1.2)(PORT=1521))(CONNECT_DATA=(SERVICE_NAME=PISMATEX)(CID=(PROGRAM=D:\APLIKASI_SERVER\GD150209\Aplikasi\GL.exe)(HOST=SERVER-DATA-WH1)(USER=Azmi))))

  VERSION INFORMATION:
	TNS for 32-bit Windows: Version 9.0.1.1.0 - Production
	Windows NT TCP/IP NT Protocol Adapter for 32-bit Windows: Version 9.0.1.1.0 - Production
  Time: 10-FEB-2015 14:52:57
  Tracing not turned on.
  Tns error struct:
    nr err code: 0
    ns main err code: 12564
    TNS-12564: TNS:connection refused
    ns secondary err code: 0
    nt main err code: 0
    nt secondary err code: 0
    nt OS err code: 0


***********************************************************************
Fatal NI connect error 12500, connecting to:
 (DESCRIPTION=(ADDRESS=(PROTOCOL=TCP)(HOST=192.168.1.2)(PORT=1521))(CONNECT_DATA=(SERVICE_NAME=PISMATEX)(CID=(PROGRAM=D:\APLIKASI_SERVER\GD150209\Aplikasi\GL.exe)(HOST=SERVER-DATA-WH1)(USER=Azmi))))

  VERSION INFORMATION:
	TNS for 32-bit Windows: Version 9.0.1.1.0 - Production
	Windows NT TCP/IP NT Protocol Adapter for 32-bit Windows: Version 9.0.1.1.0 - Production
  Time: 10-FEB-2015 14:52:58
  Tracing not turned on.
  Tns error struct:
    nr err code: 0
    ns main err code: 12564
    TNS-12564: TNS:connection refused
    ns secondary err code: 0
    nt main err code: 0
    nt secondary err code: 0
    nt OS err code: 0


***********************************************************************
Fatal NI connect error 12500, connecting to:
 (DESCRIPTION=(ADDRESS=(PROTOCOL=TCP)(HOST=192.168.1.2)(PORT=1521))(CONNECT_DATA=(SERVICE_NAME=PISMATEX)(CID=(PROGRAM=D:\APLIKASI_SERVER\GD150209\Aplikasi\GL.exe)(HOST=SERVER-DATA-WH1)(USER=Azmi))))

  VERSION INFORMATION:
	TNS for 32-bit Windows: Version 9.0.1.1.0 - Production
	Windows NT TCP/IP NT Protocol Adapter for 32-bit Windows: Version 9.0.1.1.0 - Production
  Time: 10-FEB-2015 15:25:47
  Tracing not turned on.
  Tns error struct:
    nr err code: 0
    ns main err code: 12564
    TNS-12564: TNS:connection refused
    ns secondary err code: 0
    nt main err code: 0
    nt secondary err code: 0
    nt OS err code: 0


***********************************************************************
Fatal NI connect error 12500, connecting to:
 (DESCRIPTION=(ADDRESS=(PROTOCOL=TCP)(HOST=192.168.1.2)(PORT=1521))(CONNECT_DATA=(SERVICE_NAME=PISMATEX)(CID=(PROGRAM=D:\APLIKASI_SERVER\GD150209\Aplikasi\GL.exe)(HOST=SERVER-DATA-WH1)(USER=Azmi))))

  VERSION INFORMATION:
	TNS for 32-bit Windows: Version 9.0.1.1.0 - Production
	Windows NT TCP/IP NT Protocol Adapter for 32-bit Windows: Version 9.0.1.1.0 - Production
  Time: 10-FEB-2015 15:25:48
  Tracing not turned on.
  Tns error struct:
    nr err code: 0
    ns main err code: 12564
    TNS-12564: TNS:connection refused
    ns secondary err code: 0
    nt main err code: 0
    nt secondary err code: 0
    nt OS err code: 0


***********************************************************************
Fatal NI connect error 12500, connecting to:
 (DESCRIPTION=(ADDRESS=(PROTOCOL=TCP)(HOST=192.168.1.2)(PORT=1521))(CONNECT_DATA=(SERVICE_NAME=PISMATEX)(CID=(PROGRAM=D:\APLIKASI_SERVER\GD150209\Aplikasi\GL.exe)(HOST=SERVER-DATA-WH1)(USER=Azmi))))

  VERSION INFORMATION:
	TNS for 32-bit Windows: Version 9.0.1.1.0 - Production
	Windows NT TCP/IP NT Protocol Adapter for 32-bit Windows: Version 9.0.1.1.0 - Production
  Time: 10-FEB-2015 15:25:50
  Tracing not turned on.
  Tns error struct:
    nr err code: 0
    ns main err code: 12564
    TNS-12564: TNS:connection refused
    ns secondary err code: 0
    nt main err code: 0
    nt secondary err code: 0
    nt OS err code: 0


***********************************************************************
Fatal NI connect error 12500, connecting to:
 (DESCRIPTION=(ADDRESS=(PROTOCOL=TCP)(HOST=192.168.1.2)(PORT=1521))(CONNECT_DATA=(SERVICE_NAME=PISMATEX)(CID=(PROGRAM=D:\APLIKASI_SERVER\GD150209\Aplikasi\GL.exe)(HOST=SERVER-DATA-WH1)(USER=Azmi))))

  VERSION INFORMATION:
	TNS for 32-bit Windows: Version 9.0.1.1.0 - Production
	Windows NT TCP/IP NT Protocol Adapter for 32-bit Windows: Version 9.0.1.1.0 - Production
  Time: 10-FEB-2015 15:25:58
  Tracing not turned on.
  Tns error struct:
    nr err code: 0
    ns main err code: 12564
    TNS-12564: TNS:connection refused
    ns secondary err code: 0
    nt main err code: 0
    nt secondary err code: 0
    nt OS err code: 0


***********************************************************************
Fatal NI connect error 12500, connecting to:
 (DESCRIPTION=(ADDRESS=(PROTOCOL=TCP)(HOST=192.168.1.2)(PORT=1521))(CONNECT_DATA=(SERVICE_NAME=PISMATEX)(CID=(PROGRAM=D:\APLIKASI_SERVER\GD150209\Aplikasi\GL.exe)(HOST=SERVER-DATA-WH1)(USER=Azmi))))

  VERSION INFORMATION:
	TNS for 32-bit Windows: Version 9.0.1.1.0 - Production
	Windows NT TCP/IP NT Protocol Adapter for 32-bit Windows: Version 9.0.1.1.0 - Production
  Time: 10-FEB-2015 15:26:04
  Tracing not turned on.
  Tns error struct:
    nr err code: 0
    ns main err code: 12564
    TNS-12564: TNS:connection refused
    ns secondary err code: 0
    nt main err code: 0
    nt secondary err code: 0
    nt OS err code: 0


***********************************************************************
Fatal NI connect error 12500, connecting to:
 (DESCRIPTION=(ADDRESS=(PROTOCOL=TCP)(HOST=192.168.1.2)(PORT=1521))(CONNECT_DATA=(SERVICE_NAME=PISMATEX)(CID=(PROGRAM=Z:\APLIKASI_SERVER\GD150216\Aplikasi\Pismatex.exe)(HOST=HAHN-PC)(USER=Administrator))))

  VERSION INFORMATION:
	TNS for 32-bit Windows: Version 9.0.1.1.0 - Production
	Windows NT TCP/IP NT Protocol Adapter for 32-bit Windows: Version 9.0.1.1.0 - Production
  Time: 17-PEB-2015 13:59:28
  Tracing not turned on.
  Tns error struct:
    nr err code: 0
    ns main err code: 12564
    TNS-12564: TNS:connection refused
    ns secondary err code: 0
    nt main err code: 0
    nt secondary err code: 0
    nt OS err code: 0


***********************************************************************
Fatal NI connect error 12500, connecting to:
 (DESCRIPTION=(ADDRESS=(PROTOCOL=TCP)(HOST=192.168.1.2)(PORT=1521))(CONNECT_DATA=(SERVICE_NAME=PISMATEX)(CID=(PROGRAM=Z:\APLIKASI_SERVER\GD150216\Aplikasi\Pismatex.exe)(HOST=HAHN-PC)(USER=Administrator))))

  VERSION INFORMATION:
	TNS for 32-bit Windows: Version 9.0.1.1.0 - Production
	Windows NT TCP/IP NT Protocol Adapter for 32-bit Windows: Version 9.0.1.1.0 - Production
  Time: 17-PEB-2015 13:59:50
  Tracing not turned on.
  Tns error struct:
    nr err code: 0
    ns main err code: 12564
    TNS-12564: TNS:connection refused
    ns secondary err code: 0
    nt main err code: 0
    nt secondary err code: 0
    nt OS err code: 0


***********************************************************************
Fatal NI connect error 12500, connecting to:
 (DESCRIPTION=(ADDRESS=(PROTOCOL=TCP)(HOST=192.168.1.2)(PORT=1521))(CONNECT_DATA=(SERVICE_NAME=PISMATEX)(CID=(PROGRAM=Z:\APLIKASI_SERVER\GD150216\Aplikasi\Pismatex.exe)(HOST=HAHN-PC)(USER=Administrator))))

  VERSION INFORMATION:
	TNS for 32-bit Windows: Version 9.0.1.1.0 - Production
	Windows NT TCP/IP NT Protocol Adapter for 32-bit Windows: Version 9.0.1.1.0 - Production
  Time: 17-PEB-2015 14:00:14
  Tracing not turned on.
  Tns error struct:
    nr err code: 0
    ns main err code: 12564
    TNS-12564: TNS:connection refused
    ns secondary err code: 0
    nt main err code: 0
    nt secondary err code: 0
    nt OS err code: 0


***********************************************************************
Fatal NI connect error 12545, connecting to:
 (DESCRIPTION=(ADDRESS=(PROTOCOL=TCP)(HOST=192.168.1.291)(PORT=1521))(CONNECT_DATA=(SERVICE_NAME=PRODUKSI)(CID=(PROGRAM=D:\APLIKASI_SERVER\GD150216\Aplikasi\Produksi.exe)(HOST=SERVER-DATA-WH1)(USER=Azmi))))

  VERSION INFORMATION:
	TNS for 32-bit Windows: Version 9.0.1.1.0 - Production
	Windows NT TCP/IP NT Protocol Adapter for 32-bit Windows: Version 9.0.1.1.0 - Production
  Time: 18-FEB-2015 11:03:01
  Tracing not turned on.
  Tns error struct:
    nr err code: 0
    ns main err code: 12545
    TNS-12545: Connect failed because target host or object does not exist
    ns secondary err code: 12560
    nt main err code: 515
    TNS-00515: Connect failed because target host or object does not exist
    nt secondary err code: 1004
    nt OS err code: 0


***********************************************************************
Fatal NI connect error 12545, connecting to:
 (DESCRIPTION=(ADDRESS=(PROTOCOL=TCP)(HOST=192.168.1.291)(PORT=1521))(CONNECT_DATA=(SERVICE_NAME=PRODUKSI)(CID=(PROGRAM=D:\APLIKASI_SERVER\GD150216\Aplikasi\Produksi2.exe)(HOST=SERVER-DATA-WH1)(USER=Azmi))))

  VERSION INFORMATION:
	TNS for 32-bit Windows: Version 9.0.1.1.0 - Production
	Windows NT TCP/IP NT Protocol Adapter for 32-bit Windows: Version 9.0.1.1.0 - Production
  Time: 18-FEB-2015 11:05:15
  Tracing not turned on.
  Tns error struct:
    nr err code: 0
    ns main err code: 12545
    TNS-12545: Connect failed because target host or object does not exist
    ns secondary err code: 12560
    nt main err code: 515
    TNS-00515: Connect failed because target host or object does not exist
    nt secondary err code: 1004
    nt OS err code: 0


***********************************************************************
Fatal NI connect error 12545, connecting to:
 (DESCRIPTION=(ADDRESS=(PROTOCOL=TCP)(HOST=192.168.1.291)(PORT=1521))(CONNECT_DATA=(SERVICE_NAME=PRODUKSI)(CID=(PROGRAM=D:\APLIKASI_SERVER\GD150216\Aplikasi\Produksi2.exe)(HOST=SERVER-DATA-WH1)(USER=Administrator))))

  VERSION INFORMATION:
	TNS for 32-bit Windows: Version 9.0.1.1.0 - Production
	Windows NT TCP/IP NT Protocol Adapter for 32-bit Windows: Version 9.0.1.1.0 - Production
  Time: 18-FEB-2015 11:05:39
  Tracing not turned on.
  Tns error struct:
    nr err code: 0
    ns main err code: 12545
    TNS-12545: Connect failed because target host or object does not exist
    ns secondary err code: 12560
    nt main err code: 515
    TNS-00515: Connect failed because target host or object does not exist
    nt secondary err code: 1004
    nt OS err code: 0


***********************************************************************
Fatal NI connect error 12535, connecting to:
 (DESCRIPTION=(ADDRESS=(PROTOCOL=TCP)(HOST=192.168.1.125)(PORT=1521))(CONNECT_DATA=(SERVICE_NAME=PISMATEX)(CID=(PROGRAM=\\192.168.1.129\d$\APLIKASI_SERVER\GD150216\Aplikasi\GLAgusSalim.exe)(HOST=RIKI_51)(USER=MIS))))

  VERSION INFORMATION:
	TNS for 32-bit Windows: Version 9.0.1.1.0 - Production
	Windows NT TCP/IP NT Protocol Adapter for 32-bit Windows: Version 9.0.1.1.0 - Production
  Time: 24-PEB-2015 10:16:31
  Tracing not turned on.
  Tns error struct:
    nr err code: 0
    ns main err code: 12535
    TNS-12535: TNS:operation timed out
    ns secondary err code: 12560
    nt main err code: 505
    TNS-00505: Operation timed out
    nt secondary err code: 60
    nt OS err code: 0


***********************************************************************
Fatal NI connect error 12535, connecting to:
 (DESCRIPTION=(ADDRESS=(PROTOCOL=TCP)(HOST=192.168.1.125)(PORT=1521))(CONNECT_DATA=(SERVICE_NAME=PISMA)(CID=(PROGRAM=\\192.168.1.129\d$\APLIKASI_SERVER\GD150216\Aplikasi\GLAgusSalim.exe)(HOST=RIKI_51)(USER=MIS))))

  VERSION INFORMATION:
	TNS for 32-bit Windows: Version 9.0.1.1.0 - Production
	Windows NT TCP/IP NT Protocol Adapter for 32-bit Windows: Version 9.0.1.1.0 - Production
  Time: 24-PEB-2015 10:17:32
  Tracing not turned on.
  Tns error struct:
    nr err code: 0
    ns main err code: 12535
    TNS-12535: TNS:operation timed out
    ns secondary err code: 12560
    nt main err code: 505
    TNS-00505: Operation timed out
    nt secondary err code: 60
    nt OS err code: 0


***********************************************************************
Fatal NI connect error 12514, connecting to:
 (DESCRIPTION=(ADDRESS=(PROTOCOL=TCP)(HOST=192.168.1.130)(PORT=1521))(CONNECT_DATA=(SERVICE_NAME=PISMA)(CID=(PROGRAM=\\192.168.1.129\d$\APLIKASI_SERVER\GD150216\Aplikasi\GLAgusSalim.exe)(HOST=RIKI_51)(USER=MIS))))

  VERSION INFORMATION:
	TNS for 32-bit Windows: Version 9.0.1.1.0 - Production
	Windows NT TCP/IP NT Protocol Adapter for 32-bit Windows: Version 9.0.1.1.0 - Production
  Time: 24-PEB-2015 10:20:27
  Tracing not turned on.
  Tns error struct:
    nr err code: 0
    ns main err code: 12564
    TNS-12564: TNS:connection refused
    ns secondary err code: 0
    nt main err code: 0
    nt secondary err code: 0
    nt OS err code: 0


***********************************************************************
Fatal NI connect error 12514, connecting to:
 (DESCRIPTION=(ADDRESS=(PROTOCOL=TCP)(HOST=192.168.1.130)(PORT=1521))(CONNECT_DATA=(SERVICE_NAME=PISMA)(CID=(PROGRAM=\\192.168.1.129\d$\APLIKASI_SERVER\GD150216\Aplikasi\GLAgusSalim.exe)(HOST=RIKI_51)(USER=MIS))))

  VERSION INFORMATION:
	TNS for 32-bit Windows: Version 9.0.1.1.0 - Production
	Windows NT TCP/IP NT Protocol Adapter for 32-bit Windows: Version 9.0.1.1.0 - Production
  Time: 24-PEB-2015 10:20:30
  Tracing not turned on.
  Tns error struct:
    nr err code: 0
    ns main err code: 12564
    TNS-12564: TNS:connection refused
    ns secondary err code: 0
    nt main err code: 0
    nt secondary err code: 0
    nt OS err code: 0


***********************************************************************
Fatal NI connect error 12514, connecting to:
 (DESCRIPTION=(ADDRESS=(PROTOCOL=TCP)(HOST=192.168.1.129)(PORT=1521))(CONNECT_DATA=(SERVICE_NAME=PISMA)(CID=(PROGRAM=\\192.168.1.129\d$\APLIKASI_SERVER\GD150216\Aplikasi\GLAgusSalim.exe)(HOST=RIKI_51)(USER=MIS))))

  VERSION INFORMATION:
	TNS for 32-bit Windows: Version 9.0.1.1.0 - Production
	Windows NT TCP/IP NT Protocol Adapter for 32-bit Windows: Version 9.0.1.1.0 - Production
  Time: 24-PEB-2015 10:20:57
  Tracing not turned on.
  Tns error struct:
    nr err code: 0
    ns main err code: 12564
    TNS-12564: TNS:connection refused
    ns secondary err code: 0
    nt main err code: 0
    nt secondary err code: 0
    nt OS err code: 0


***********************************************************************
Fatal NI connect error 12514, connecting to:
 (DESCRIPTION=(ADDRESS=(PROTOCOL=TCP)(HOST=192.168.1.128)(PORT=1521))(CONNECT_DATA=(SERVICE_NAME=PISMA)(CID=(PROGRAM=\\192.168.1.129\d$\APLIKASI_SERVER\GD150216\Aplikasi\GLAgusSalim.exe)(HOST=RIKI_51)(USER=MIS))))

  VERSION INFORMATION:
	TNS for 32-bit Windows: Version 9.0.1.1.0 - Production
	Windows NT TCP/IP NT Protocol Adapter for 32-bit Windows: Version 9.0.1.1.0 - Production
  Time: 24-PEB-2015 10:21:13
  Tracing not turned on.
  Tns error struct:
    nr err code: 0
    ns main err code: 12564
    TNS-12564: TNS:connection refused
    ns secondary err code: 0
    nt main err code: 0
    nt secondary err code: 0
    nt OS err code: 0


***********************************************************************
Fatal NI connect error 12514, connecting to:
 (DESCRIPTION=(ADDRESS=(PROTOCOL=TCP)(HOST=192.168.1.128)(PORT=1521))(CONNECT_DATA=(SERVICE_NAME=PISMA)(CID=(PROGRAM=\\192.168.1.129\d$\APLIKASI_SERVER\GD150216\Aplikasi\GLAgusSalim.exe)(HOST=RIKI_51)(USER=MIS))))

  VERSION INFORMATION:
	TNS for 32-bit Windows: Version 9.0.1.1.0 - Production
	Windows NT TCP/IP NT Protocol Adapter for 32-bit Windows: Version 9.0.1.1.0 - Production
  Time: 24-PEB-2015 10:21:15
  Tracing not turned on.
  Tns error struct:
    nr err code: 0
    ns main err code: 12564
    TNS-12564: TNS:connection refused
    ns secondary err code: 0
    nt main err code: 0
    nt secondary err code: 0
    nt OS err code: 0


***********************************************************************
Fatal NI connect error 12514, connecting to:
 (DESCRIPTION=(ADDRESS=(PROTOCOL=TCP)(HOST=192.168.1.128)(PORT=1521))(CONNECT_DATA=(SERVICE_NAME=AGUS)(CID=(PROGRAM=\\192.168.1.129\d$\APLIKASI_SERVER\GD150216\Aplikasi\GLAgusSalim.exe)(HOST=RIKI_51)(USER=MIS))))

  VERSION INFORMATION:
	TNS for 32-bit Windows: Version 9.0.1.1.0 - Production
	Windows NT TCP/IP NT Protocol Adapter for 32-bit Windows: Version 9.0.1.1.0 - Production
  Time: 24-PEB-2015 10:23:06
  Tracing not turned on.
  Tns error struct:
    nr err code: 0
    ns main err code: 12564
    TNS-12564: TNS:connection refused
    ns secondary err code: 0
    nt main err code: 0
    nt secondary err code: 0
    nt OS err code: 0


***********************************************************************
Fatal NI connect error 12514, connecting to:
 (DESCRIPTION=(ADDRESS=(PROTOCOL=TCP)(HOST=192.168.1.128)(PORT=1521))(CONNECT_DATA=(SERVICE_NAME=AGUS)(CID=(PROGRAM=\\192.168.1.129\d$\APLIKASI_SERVER\GD150216\Aplikasi\GLAgusSalim.exe)(HOST=RIKI_51)(USER=MIS))))

  VERSION INFORMATION:
	TNS for 32-bit Windows: Version 9.0.1.1.0 - Production
	Windows NT TCP/IP NT Protocol Adapter for 32-bit Windows: Version 9.0.1.1.0 - Production
  Time: 24-PEB-2015 10:23:29
  Tracing not turned on.
  Tns error struct:
    nr err code: 0
    ns main err code: 12564
    TNS-12564: TNS:connection refused
    ns secondary err code: 0
    nt main err code: 0
    nt secondary err code: 0
    nt OS err code: 0


***********************************************************************
Fatal NI connect error 12514, connecting to:
 (DESCRIPTION=(ADDRESS=(PROTOCOL=TCP)(HOST=192.168.1.128)(PORT=1521))(CONNECT_DATA=(SERVICE_NAME=AGUS)(CID=(PROGRAM=\\192.168.1.129\d$\APLIKASI_SERVER\GD150216\Aplikasi\GLAgusSalim.exe)(HOST=RIKI_51)(USER=MIS))))

  VERSION INFORMATION:
	TNS for 32-bit Windows: Version 9.0.1.1.0 - Production
	Windows NT TCP/IP NT Protocol Adapter for 32-bit Windows: Version 9.0.1.1.0 - Production
  Time: 24-PEB-2015 10:23:34
  Tracing not turned on.
  Tns error struct:
    nr err code: 0
    ns main err code: 12564
    TNS-12564: TNS:connection refused
    ns secondary err code: 0
    nt main err code: 0
    nt secondary err code: 0
    nt OS err code: 0


***********************************************************************
Fatal NI connect error 12500, connecting to:
 (DESCRIPTION=(ADDRESS=(PROTOCOL=TCP)(HOST=192.168.1.2)(PORT=1521))(CONNECT_DATA=(SERVICE_NAME=PISMATEX)(CID=(PROGRAM=D:\APLIKASI_SERVER\GD150309\Aplikasi\GL.exe)(HOST=SERVER-DATA-WH1)(USER=Azmi))))

  VERSION INFORMATION:
	TNS for 32-bit Windows: Version 9.0.1.1.0 - Production
	Windows NT TCP/IP NT Protocol Adapter for 32-bit Windows: Version 9.0.1.1.0 - Production
  Time: 10-MAR-2015 15:09:27
  Tracing not turned on.
  Tns error struct:
    nr err code: 0
    ns main err code: 12564
    TNS-12564: TNS:connection refused
    ns secondary err code: 0
    nt main err code: 0
    nt secondary err code: 0
    nt OS err code: 0


***********************************************************************
Fatal NI connect error 12535, connecting to:
 (DESCRIPTION=(ADDRESS=(PROTOCOL=TCP)(HOST=192.168.1.125)(PORT=1521))(CONNECT_DATA=(SERVICE_NAME=PISMA)(CID=(PROGRAM=\\192.168.1.129\d$\APLIKASI_SERVER\GD150309\Aplikasi\GLAgusSalim.exe)(HOST=RIKI_51)(USER=MIS))))

  VERSION INFORMATION:
	TNS for 32-bit Windows: Version 9.0.1.1.0 - Production
	Windows NT TCP/IP NT Protocol Adapter for 32-bit Windows: Version 9.0.1.1.0 - Production
  Time: 16-MAR-2015 09:08:02
  Tracing not turned on.
  Tns error struct:
    nr err code: 0
    ns main err code: 12535
    TNS-12535: TNS:operation timed out
    ns secondary err code: 12560
    nt main err code: 505
    TNS-00505: Operation timed out
    nt secondary err code: 60
    nt OS err code: 0


***********************************************************************
Fatal NI connect error 12545, connecting to:
 (DESCRIPTION=(ADDRESS=(PROTOCOL=TCP)(HOST=192.168.2.320)(PORT=1521))(CONNECT_DATA=(SERVICE_NAME=pismawr)(CID=(PROGRAM=D:\APLIKASI_SERVER\GD150321\Aplikasi\Pismatex.exe)(HOST=SERVER-DATA-WH1)(USER=Azmi))))

  VERSION INFORMATION:
	TNS for 32-bit Windows: Version 9.0.1.1.0 - Production
	Windows NT TCP/IP NT Protocol Adapter for 32-bit Windows: Version 9.0.1.1.0 - Production
  Time: 23-MAR-2015 08:58:00
  Tracing not turned on.
  Tns error struct:
    nr err code: 0
    ns main err code: 12545
    TNS-12545: Connect failed because target host or object does not exist
    ns secondary err code: 12560
    nt main err code: 515
    TNS-00515: Connect failed because target host or object does not exist
    nt secondary err code: 1004
    nt OS err code: 0


***********************************************************************
Fatal NI connect error 12545, connecting to:
 (DESCRIPTION=(ADDRESS=(PROTOCOL=TCP)(HOST=192.168.2.320)(PORT=1521))(CONNECT_DATA=(SERVICE_NAME=pismawr)(CID=(PROGRAM=D:\APLIKASI_SERVER\GD150321\Aplikasi\Pismatex.exe)(HOST=SERVER-DATA-WH1)(USER=Azmi))))

  VERSION INFORMATION:
	TNS for 32-bit Windows: Version 9.0.1.1.0 - Production
	Windows NT TCP/IP NT Protocol Adapter for 32-bit Windows: Version 9.0.1.1.0 - Production
  Time: 23-MAR-2015 09:00:51
  Tracing not turned on.
  Tns error struct:
    nr err code: 0
    ns main err code: 12545
    TNS-12545: Connect failed because target host or object does not exist
    ns secondary err code: 12560
    nt main err code: 515
    TNS-00515: Connect failed because target host or object does not exist
    nt secondary err code: 1004
    nt OS err code: 0


***********************************************************************
Fatal NI connect error 12545, connecting to:
 (DESCRIPTION=(ADDRESS=(PROTOCOL=TCP)(HOST=192.168.2.320)(PORT=1521))(CONNECT_DATA=(SERVICE_NAME=pismawr)(CID=(PROGRAM=D:\APLIKASI_SERVER\GD150321\Aplikasi\Pismatex.exe)(HOST=SERVER-DATA-WH1)(USER=Azmi))))

  VERSION INFORMATION:
	TNS for 32-bit Windows: Version 9.0.1.1.0 - Production
	Windows NT TCP/IP NT Protocol Adapter for 32-bit Windows: Version 9.0.1.1.0 - Production
  Time: 23-MAR-2015 09:01:57
  Tracing not turned on.
  Tns error struct:
    nr err code: 0
    ns main err code: 12545
    TNS-12545: Connect failed because target host or object does not exist
    ns secondary err code: 12560
    nt main err code: 515
    TNS-00515: Connect failed because target host or object does not exist
    nt secondary err code: 1004
    nt OS err code: 0


***********************************************************************
Fatal NI connect error 12545, connecting to:
 (DESCRIPTION=(ADDRESS=(PROTOCOL=TCP)(HOST=192.168.2.320)(PORT=1521))(CONNECT_DATA=(SERVICE_NAME=pismawr)(CID=(PROGRAM=D:\APLIKASI_SERVER\GD150321\Aplikasi\Pismatex.exe)(HOST=SERVER-DATA-WH1)(USER=Azmi))))

  VERSION INFORMATION:
	TNS for 32-bit Windows: Version 9.0.1.1.0 - Production
	Windows NT TCP/IP NT Protocol Adapter for 32-bit Windows: Version 9.0.1.1.0 - Production
  Time: 23-MAR-2015 09:02:33
  Tracing not turned on.
  Tns error struct:
    nr err code: 0
    ns main err code: 12545
    TNS-12545: Connect failed because target host or object does not exist
    ns secondary err code: 12560
    nt main err code: 515
    TNS-00515: Connect failed because target host or object does not exist
    nt secondary err code: 1004
    nt OS err code: 0


***********************************************************************
Fatal NI connect error 12500, connecting to:
 (DESCRIPTION=(ADDRESS=(PROTOCOL=TCP)(HOST=192.168.1.128)(PORT=1521))(CONNECT_DATA=(SERVICE_NAME=PISMATEX)(CID=(PROGRAM=D:\APLIKASI_SERVER\GD150321\Aplikasi\Pismatex.exe)(HOST=SERVER-DATA-WH1)(USER=Azmi))))

  VERSION INFORMATION:
	TNS for 32-bit Windows: Version 9.0.1.1.0 - Production
	Windows NT TCP/IP NT Protocol Adapter for 32-bit Windows: Version 9.0.1.1.0 - Production
  Time: 23-MAR-2015 10:18:14
  Tracing not turned on.
  Tns error struct:
    nr err code: 0
    ns main err code: 12564
    TNS-12564: TNS:connection refused
    ns secondary err code: 0
    nt main err code: 0
    nt secondary err code: 0
    nt OS err code: 0


***********************************************************************
Fatal NI connect error 12541, connecting to:
 (DESCRIPTION=(ADDRESS=(PROTOCOL=TCP)(HOST=192.168.1.22)(PORT=1521))(CONNECT_DATA=(SERVICE_NAME=PISMATEX)(CID=(PROGRAM=D:\APLIKASI_SERVER\GD150321\Aplikasi\GL.exe)(HOST=SERVER-DATA-WH1)(USER=Azmi))))

  VERSION INFORMATION:
	TNS for 32-bit Windows: Version 9.0.1.1.0 - Production
	Windows NT TCP/IP NT Protocol Adapter for 32-bit Windows: Version 9.0.1.1.0 - Production
  Time: 30-MAR-2015 10:27:15
  Tracing not turned on.
  Tns error struct:
    nr err code: 0
    ns main err code: 12541
    TNS-12541: TNS:no listener
    ns secondary err code: 12560
    nt main err code: 511
    TNS-00511: No listener
    nt secondary err code: 61
    nt OS err code: 0


***********************************************************************
Fatal NI connect error 12500, connecting to:
 (DESCRIPTION=(ADDRESS=(PROTOCOL=TCP)(HOST=192.168.1.2)(PORT=1521))(CONNECT_DATA=(SERVICE_NAME=PISMATEX)(CID=(PROGRAM=D:\APLIKASI_SERVER\GD150321\Aplikasi\Pismatex.exe)(HOST=SERVER-DATA-WH1)(USER=Azmi))))

  VERSION INFORMATION:
	TNS for 32-bit Windows: Version 9.0.1.1.0 - Production
	Windows NT TCP/IP NT Protocol Adapter for 32-bit Windows: Version 9.0.1.1.0 - Production
  Time: 06-APR-2015 14:28:55
  Tracing not turned on.
  Tns error struct:
    nr err code: 0
    ns main err code: 12564
    TNS-12564: TNS:connection refused
    ns secondary err code: 0
    nt main err code: 0
    nt secondary err code: 0
    nt OS err code: 0


***********************************************************************
Fatal NI connect error 12500, connecting to:
 (DESCRIPTION=(ADDRESS=(PROTOCOL=TCP)(HOST=192.168.1.2)(PORT=1521))(CONNECT_DATA=(SERVICE_NAME=PISMATEX)(CID=(PROGRAM=D:\APLIKASI_SERVER\GD150321\Aplikasi\Pismatex.exe)(HOST=SERVER-DATA-WH1)(USER=Azmi))))

  VERSION INFORMATION:
	TNS for 32-bit Windows: Version 9.0.1.1.0 - Production
	Windows NT TCP/IP NT Protocol Adapter for 32-bit Windows: Version 9.0.1.1.0 - Production
  Time: 06-APR-2015 14:28:58
  Tracing not turned on.
  Tns error struct:
    nr err code: 0
    ns main err code: 12564
    TNS-12564: TNS:connection refused
    ns secondary err code: 0
    nt main err code: 0
    nt secondary err code: 0
    nt OS err code: 0


***********************************************************************
Fatal NI connect error 12500, connecting to:
 (DESCRIPTION=(ADDRESS=(PROTOCOL=TCP)(HOST=192.168.1.2)(PORT=1521))(CONNECT_DATA=(SERVICE_NAME=PISMATEX)(CID=(PROGRAM=D:\APLIKASI_SERVER\GD150321\Aplikasi\Pismatex.exe)(HOST=SERVER-DATA-WH1)(USER=Azmi))))

  VERSION INFORMATION:
	TNS for 32-bit Windows: Version 9.0.1.1.0 - Production
	Windows NT TCP/IP NT Protocol Adapter for 32-bit Windows: Version 9.0.1.1.0 - Production
  Time: 06-APR-2015 14:28:59
  Tracing not turned on.
  Tns error struct:
    nr err code: 0
    ns main err code: 12564
    TNS-12564: TNS:connection refused
    ns secondary err code: 0
    nt main err code: 0
    nt secondary err code: 0
    nt OS err code: 0


***********************************************************************
Fatal NI connect error 12500, connecting to:
 (DESCRIPTION=(ADDRESS=(PROTOCOL=TCP)(HOST=192.168.1.2)(PORT=1521))(CONNECT_DATA=(SERVICE_NAME=PISMATEX)(CID=(PROGRAM=D:\APLIKASI_SERVER\GD150321\Aplikasi\Pismatex.exe)(HOST=SERVER-DATA-WH1)(USER=Azmi))))

  VERSION INFORMATION:
	TNS for 32-bit Windows: Version 9.0.1.1.0 - Production
	Windows NT TCP/IP NT Protocol Adapter for 32-bit Windows: Version 9.0.1.1.0 - Production
  Time: 06-APR-2015 14:29:13
  Tracing not turned on.
  Tns error struct:
    nr err code: 0
    ns main err code: 12564
    TNS-12564: TNS:connection refused
    ns secondary err code: 0
    nt main err code: 0
    nt secondary err code: 0
    nt OS err code: 0


***********************************************************************
Fatal NI connect error 12500, connecting to:
 (DESCRIPTION=(ADDRESS=(PROTOCOL=TCP)(HOST=192.168.1.2)(PORT=1521))(CONNECT_DATA=(SERVICE_NAME=PISMATEX)(CID=(PROGRAM=Z:\APLIKASI_SERVER\GD150401\Aplikasi\iHRD.exe)(HOST=HAHN-PC)(USER=Administrator))))

  VERSION INFORMATION:
	TNS for 32-bit Windows: Version 9.0.1.1.0 - Production
	Windows NT TCP/IP NT Protocol Adapter for 32-bit Windows: Version 9.0.1.1.0 - Production
  Time: 07-APR-2015 14:55:10
  Tracing not turned on.
  Tns error struct:
    nr err code: 0
    ns main err code: 12564
    TNS-12564: TNS:connection refused
    ns secondary err code: 0
    nt main err code: 0
    nt secondary err code: 0
    nt OS err code: 0


***********************************************************************
Fatal NI connect error 12500, connecting to:
 (DESCRIPTION=(ADDRESS=(PROTOCOL=TCP)(HOST=192.168.1.2)(PORT=1521))(CONNECT_DATA=(SERVICE_NAME=PISMATEX)(CID=(PROGRAM=Z:\APLIKASI_SERVER\GD150401\Aplikasi\iHRD.exe)(HOST=HAHN-PC)(USER=Administrator))))

  VERSION INFORMATION:
	TNS for 32-bit Windows: Version 9.0.1.1.0 - Production
	Windows NT TCP/IP NT Protocol Adapter for 32-bit Windows: Version 9.0.1.1.0 - Production
  Time: 07-APR-2015 14:55:44
  Tracing not turned on.
  Tns error struct:
    nr err code: 0
    ns main err code: 12564
    TNS-12564: TNS:connection refused
    ns secondary err code: 0
    nt main err code: 0
    nt secondary err code: 0
    nt OS err code: 0


***********************************************************************
Fatal NI connect error 12547, connecting to:
 (DESCRIPTION=(ADDRESS=(PROTOCOL=TCP)(HOST=192.168.1.81)(PORT=1521))(CONNECT_DATA=(SERVICE_NAME=pismatex)(CID=(PROGRAM=F:\APLIKASI_SERVER_PGM\APP_GL_LPK\Aplikasi\GL.exe)(HOST=ARIF-PC)(USER=Administrator))))

  VERSION INFORMATION:
	TNS for 32-bit Windows: Version 9.0.1.1.0 - Production
	Windows NT TCP/IP NT Protocol Adapter for 32-bit Windows: Version 9.0.1.1.0 - Production
  Time: 09-SEP-2015 09:20:44
  Tracing not turned on.
  Tns error struct:
    nr err code: 0
    ns main err code: 12547
    TNS-12547: TNS:lost contact
    ns secondary err code: 12560
    nt main err code: 517
    TNS-00517: Lost contact
    nt secondary err code: 54
    nt OS err code: 0


***********************************************************************
Fatal NI connect error 12547, connecting to:
 (DESCRIPTION=(ADDRESS=(PROTOCOL=TCP)(HOST=192.168.1.242)(PORT=1521))(CONNECT_DATA=(SERVICE_NAME=PMGARMEN)(CID=(PROGRAM=E:\KANTOR\01.MIS\16.Lain Lain\05.APLIKASI\PROG_Kantor\2015\APLIKASI GL PGI\APP_GL_PGI\Aplikasi\GL.exe)(HOST=SYSDEV-PC)(USER=Administrator))))

  VERSION INFORMATION:
	TNS for 32-bit Windows: Version 9.0.1.1.0 - Production
	Windows NT TCP/IP NT Protocol Adapter for 32-bit Windows: Version 9.0.1.1.0 - Production
  Time: 04-NOP-2015 16:49:02
  Tracing not turned on.
  Tns error struct:
    nr err code: 0
    ns main err code: 12547
    TNS-12547: TNS:lost contact
    ns secondary err code: 12560
    nt main err code: 517
    TNS-00517: Lost contact
    nt secondary err code: 54
    nt OS err code: 0


***********************************************************************
Fatal NI connect error 12547, connecting to:
 (DESCRIPTION=(ADDRESS=(PROTOCOL=TCP)(HOST=192.168.1.242)(PORT=1521))(CONNECT_DATA=(SERVICE_NAME=PMGARMEN)(CID=(PROGRAM=E:\KANTOR\01.MIS\16.Lain Lain\05.APLIKASI\PROG_Kantor\2015\APLIKASI GL PGI\APP_GL_PGI\Aplikasi\GL.exe)(HOST=SYSDEV-PC)(USER=Administrator))))

  VERSION INFORMATION:
	TNS for 32-bit Windows: Version 9.0.1.1.0 - Production
	Windows NT TCP/IP NT Protocol Adapter for 32-bit Windows: Version 9.0.1.1.0 - Production
  Time: 05-NOP-2015 10:07:30
  Tracing not turned on.
  Tns error struct:
    nr err code: 0
    ns main err code: 12547
    TNS-12547: TNS:lost contact
    ns secondary err code: 12560
    nt main err code: 517
    TNS-00517: Lost contact
    nt secondary err code: 54
    nt OS err code: 0


***********************************************************************
Fatal NI connect error 12547, connecting to:
 (DESCRIPTION=(ADDRESS=(PROTOCOL=TCP)(HOST=192.168.1.242)(PORT=1521))(CONNECT_DATA=(SERVICE_NAME=PMGARMEN)(CID=(PROGRAM=E:\KANTOR\01.MIS\16.Lain Lain\05.APLIKASI\PROG_Kantor\2015\APLIKASI GL PGI\APP_GL_PGI\Aplikasi\GL.exe)(HOST=SYSDEV-PC)(USER=Administrator))))

  VERSION INFORMATION:
	TNS for 32-bit Windows: Version 9.0.1.1.0 - Production
	Windows NT TCP/IP NT Protocol Adapter for 32-bit Windows: Version 9.0.1.1.0 - Production
  Time: 06-NOP-2015 11:17:18
  Tracing not turned on.
  Tns error struct:
    nr err code: 0
    ns main err code: 12547
    TNS-12547: TNS:lost contact
    ns secondary err code: 12560
    nt main err code: 517
    TNS-00517: Lost contact
    nt secondary err code: 54
    nt OS err code: 0


***********************************************************************
Fatal NI connect error 12547, connecting to:
 (DESCRIPTION=(ADDRESS=(PROTOCOL=TCP)(HOST=10.10.100.10)(PORT=1521))(CONNECT_DATA=(SID=PMPUTRA)(SERVER=SHARED)(CID=(PROGRAM=E:\KANTOR\01.MIS\16.Lain Lain\05.APLIKASI\PROG_Kantor\2015\APLIKASI GL PGI\APP_GL_PGI_2\Aplikasi\GL.exe)(HOST=SYSDEV-PC)(USER=Administrator))))

  VERSION INFORMATION:
	TNS for 32-bit Windows: Version 9.0.1.1.0 - Production
	Windows NT TCP/IP NT Protocol Adapter for 32-bit Windows: Version 9.0.1.1.0 - Production
  Time: 28-NOP-2015 12:02:20
  Tracing not turned on.
  Tns error struct:
    nr err code: 0
    ns main err code: 12547
    TNS-12547: TNS:lost contact
    ns secondary err code: 12560
    nt main err code: 517
    TNS-00517: Lost contact
    nt secondary err code: 54
    nt OS err code: 0


***********************************************************************
Fatal NI connect error 12547, connecting to:
 (DESCRIPTION=(ADDRESS=(PROTOCOL=TCP)(HOST=10.10.100.10)(PORT=1521))(CONNECT_DATA=(SID=PMPUTRA)(SERVER=SHARED)(CID=(PROGRAM=E:\KANTOR\01.MIS\16.Lain Lain\05.APLIKASI\PROG_Kantor\2015\APLIKASI GL PGI\APP_GL_PGI_2\Aplikasi\GL.exe)(HOST=SYSDEV-PC)(USER=Administrator))))

  VERSION INFORMATION:
	TNS for 32-bit Windows: Version 9.0.1.1.0 - Production
	Windows NT TCP/IP NT Protocol Adapter for 32-bit Windows: Version 9.0.1.1.0 - Production
  Time: 28-NOP-2015 12:03:12
  Tracing not turned on.
  Tns error struct:
    nr err code: 0
    ns main err code: 12547
    TNS-12547: TNS:lost contact
    ns secondary err code: 12560
    nt main err code: 517
    TNS-00517: Lost contact
    nt secondary err code: 54
    nt OS err code: 0


***********************************************************************
Fatal NI connect error 12547, connecting to:
 (DESCRIPTION=(ADDRESS=(PROTOCOL=TCP)(HOST=10.10.100.10)(PORT=1521))(CONNECT_DATA=(SID=PMPUTRA)(SERVER=SHARED)(CID=(PROGRAM=E:\KANTOR\09. PISMA PUTRA\APLIKASI PPT\APP_GL_PPT_NEW\Aplikasi\GL.exe)(HOST=SYSDEV-PC)(USER=Administrator))))

  VERSION INFORMATION:
	TNS for 32-bit Windows: Version 9.0.1.1.0 - Production
	Windows NT TCP/IP NT Protocol Adapter for 32-bit Windows: Version 9.0.1.1.0 - Production
  Time: 03-DES-2015 14:09:57
  Tracing not turned on.
  Tns error struct:
    nr err code: 0
    ns main err code: 12547
    TNS-12547: TNS:lost contact
    ns secondary err code: 12560
    nt main err code: 517
    TNS-00517: Lost contact
    nt secondary err code: 54
    nt OS err code: 0


***********************************************************************
Fatal NI connect error 12535, connecting to:
 (DESCRIPTION=(ADDRESS=(PROTOCOL=TCP)(HOST=10.10.100.10)(PORT=1521))(CONNECT_DATA=(SID=PMPUTRA)(SERVER=SHARED)(CID=(PROGRAM=E:\KANTOR\01.MIS\16.Lain Lain\05.APLIKASI\PROG_Kantor\2016\APP_GL_PPT\Aplikasi\GL.exe)(HOST=SYSDEV-PC)(USER=Administrator))))

  VERSION INFORMATION:
	TNS for 32-bit Windows: Version 9.0.1.1.0 - Production
	Windows NT TCP/IP NT Protocol Adapter for 32-bit Windows: Version 9.0.1.1.0 - Production
  Time: 26-MAR-2016 09:17:28
  Tracing not turned on.
  Tns error struct:
    nr err code: 0
    ns main err code: 12535
    TNS-12535: TNS:operation timed out
    ns secondary err code: 12560
    nt main err code: 505
    TNS-00505: Operation timed out
    nt secondary err code: 60
    nt OS err code: 0


***********************************************************************
Fatal NI connect error 12535, connecting to:
 (DESCRIPTION=(ADDRESS=(PROTOCOL=TCP)(HOST=10.10.100.10)(PORT=1521))(CONNECT_DATA=(SID=PMPUTRA)(SERVER=SHARED)(CID=(PROGRAM=E:\KANTOR\01.MIS\16.Lain Lain\05.APLIKASI\PROG_Kantor\2016\APP_GL_PPT\Aplikasi\GL.exe)(HOST=SYSDEV-PC)(USER=Administrator))))

  VERSION INFORMATION:
	TNS for 32-bit Windows: Version 9.0.1.1.0 - Production
	Windows NT TCP/IP NT Protocol Adapter for 32-bit Windows: Version 9.0.1.1.0 - Production
  Time: 26-MAR-2016 09:19:01
  Tracing not turned on.
  Tns error struct:
    nr err code: 0
    ns main err code: 12535
    TNS-12535: TNS:operation timed out
    ns secondary err code: 12560
    nt main err code: 505
    TNS-00505: Operation timed out
    nt secondary err code: 60
    nt OS err code: 0


***********************************************************************
Fatal NI connect error 12535, connecting to:
 (DESCRIPTION=(ADDRESS=(PROTOCOL=TCP)(HOST=10.10.9.100)(PORT=1521))(CONNECT_DATA=(SERVICE_NAME=pmputra)(CID=(PROGRAM=D:\coding\APP_GL_PPT_HPP\Aplikasi\GL.exe)(HOST=PISMA-F73B1F5FE)(USER=Administrator))))

  VERSION INFORMATION:
	TNS for 32-bit Windows: Version 9.0.1.1.0 - Production
	Windows NT TCP/IP NT Protocol Adapter for 32-bit Windows: Version 9.0.1.1.0 - Production
  Time: 13-NOV-2018 10:47:44
  Tracing not turned on.
  Tns error struct:
    nr err code: 0
    ns main err code: 12535
    TNS-12535: TNS:operation timed out
    ns secondary err code: 12560
    nt main err code: 505
    TNS-00505: Operation timed out
    nt secondary err code: 60
    nt OS err code: 0


***********************************************************************
Fatal NI connect error 12541, connecting to:
 (DESCRIPTION=(ADDRESS=(PROTOCOL=TCP)(HOST=10.10.9.101)(PORT=1521))(CONNECT_DATA=(SERVICE_NAME=pmputra)(CID=(PROGRAM=D:\coding\APP_GL_PPT_HPP\Aplikasi\GL.exe)(HOST=PISMA-F73B1F5FE)(USER=Administrator))))

  VERSION INFORMATION:
	TNS for 32-bit Windows: Version 9.0.1.1.0 - Production
	Windows NT TCP/IP NT Protocol Adapter for 32-bit Windows: Version 9.0.1.1.0 - Production
  Time: 19-NOV-2018 13:42:12
  Tracing not turned on.
  Tns error struct:
    nr err code: 0
    ns main err code: 12541
    TNS-12541: TNS:no listener
    ns secondary err code: 12560
    nt main err code: 511
    TNS-00511: No listener
    nt secondary err code: 61
    nt OS err code: 0
